This is XeTeX, Version 3.141592653-2.6-0.999994 (MiKTeX 23.1) (preloaded format=xelatex 2023.5.18)  18 MAY 2023 19:41
entering extended mode
 restricted \write18 enabled.
 %&-line parsing enabled.
**./MK_fleabag.tex
(MK_fleabag.tex
LaTeX2e <2022-11-01> patch level 1
L3 programming layer <2023-02-02>

! LaTeX Error: File `scrartcl.cls' not found.

Type X to quit or <RETURN> to proceed,
or enter new name. (Default extension: cls)

Enter file name: 
! Emergency stop.
<read *> 
         
l.10 ^^M
         
Here is how much of TeX's memory you used:
 32 strings out of 411511
 573 string characters out of 5823378
 1842001 words of memory out of 5000000
 20318 multiletter control sequences out of 15000+600000
 512287 words of font info for 32 fonts, out of 8000000 for 9000
 1348 hyphenation exceptions out of 8191
 19i,0n,29p,110b,17s stack positions out of 10000i,1000n,20000p,200000b,200000s

No pages of output.
